{"target": -265.11658491300255, "params": {"x": -1.0686989431116456, "y": 17.278036352152387}, "datetime": {"datetime": "2020-10-18 21:44:29", "elapsed": 0.0, "delta": 0.0}}
{"target": -671.9272699353463, "params": {"x": -0.016162628846650318, "y": 26.940836700167846}, "datetime": {"datetime": "2020-10-18 21:44:29", "elapsed": 0.000672, "delta": 0.000672}}
{"target": -0.5909312111640133, "params": {"x": -0.9946680824756458, "y": 1.7756072568434589}, "datetime": {"datetime": "2020-10-18 21:44:30", "elapsed": 0.712401, "delta": 0.711729}}
{"target": 0.9952547374726758, "params": {"x": 0.05657451051809215, "y": 1.039301237728124}, "datetime": {"datetime": "2020-10-18 21:44:30", "elapsed": 0.938452, "delta": 0.226051}}
{"target": 0.9738059561961483, "params": {"x": 0.025323821421169956, "y": 1.159852268900008}, "datetime": {"datetime": "2020-10-18 21:44:31", "elapsed": 1.286485, "delta": 0.348033}}
{"target": 0.9756916164549461, "params": {"x": -0.004108385483635901, "y": 1.1558573216559676}, "datetime": {"datetime": "2020-10-18 21:45:13", "elapsed": 43.922842, "delta": 42.636357}}
